# JRE version: Java(TM) SE Runtime Environment (8.0_45-b15) (build 1.8.0_45-b15)
# Java VM: Java HotSpot(TM) 64-Bit Server VM (25.45-b02 mixed mode windows-amd64 compressed oops)
Heap:
 PSYoungGen      total 300032K, used 22433K [0x00000000eab00000, 0x00000000fea00000, 0x0000000100000000)
  eden space 274432K, 8% used [0x00000000eab00000,0x00000000ec0e8710,0x00000000fb700000)
  from space 25600K, 0% used [0x00000000fb700000,0x00000000fb700000,0x00000000fd000000)
  to   space 25088K, 0% used [0x00000000fd180000,0x00000000fd180000,0x00000000fea00000)
 ParOldGen       total 95232K, used 28444K [0x00000000c0000000, 0x00000000c5d00000, 0x00000000eab00000)
  object space 95232K, 29% used [0x00000000c0000000,0x00000000c1bc7248,0x00000000c5d00000)
 Metaspace       used 54503K, capacity 56524K, committed 58752K, reserved 1099776K
  class space    used 6926K, capacity 7611K, committed 8320K, reserved 1048576K
GC Heap History (10 events):
Event: 17319.539 GC heap before
{Heap before GC invocations=32 (full 9):
 PSYoungGen      total 278528K, used 2015K [0x00000000eab00000, 0x00000000fe700000, 0x0000000100000000)
  eden space 276480K, 0% used [0x00000000eab00000,0x00000000eab00000,0x00000000fb900000)
  from space 2048K, 98% used [0x00000000fb900000,0x00000000fbaf7c50,0x00000000fbb00000)
  to   space 23552K, 0% used [0x00000000fd000000,0x00000000fd000000,0x00000000fe700000)
 ParOldGen       total 95232K, used 44206K [0x00000000c0000000, 0x00000000c5d00000, 0x00000000eab00000)
  object space 95232K, 46% used [0x00000000c0000000,0x00000000c2b2bb80,0x00000000c5d00000)
 Metaspace       used 54785K, capacity 57066K, committed 58240K, reserved 1099776K
  class space    used 7125K, capacity 7953K, committed 8320K, reserved 1048576K
Event: 17320.207 GC heap after
Heap after GC invocations=32 (full 9):
 PSYoungGen      total 278528K, used 0K [0x00000000eab00000, 0x00000000fe700000, 0x0000000100000000)
  eden space 276480K, 0% used [0x00000000eab00000,0x00000000eab00000,0x00000000fb900000)
  from space 2048K, 0% used [0x00000000fb900000,0x00000000fb900000,0x00000000fbb00000)
  to   space 23552K, 0% used [0x00000000fd000000,0x00000000fd000000,0x00000000fe700000)
 ParOldGen       total 95232K, used 27933K [0x00000000c0000000, 0x00000000c5d00000, 0x00000000eab00000)
  object space 95232K, 29% used [0x00000000c0000000,0x00000000c1b476b0,0x00000000c5d00000)
 Metaspace       used 53983K, capacity 55554K, committed 58240K, reserved 1099776K
  class space    used 6872K, capacity 7432K, committed 8320K, reserved 1048576K
}
Event: 17557.267 GC heap before
{Heap before GC invocations=33 (full 9):
 PSYoungGen      total 278528K, used 270562K [0x00000000eab00000, 0x00000000fe700000, 0x0000000100000000)
  eden space 276480K, 97% used [0x00000000eab00000,0x00000000fb3389a8,0x00000000fb900000)
  from space 2048K, 0% used [0x00000000fb900000,0x00000000fb900000,0x00000000fbb00000)
  to   space 23552K, 0% used [0x00000000fd000000,0x00000000fd000000,0x00000000fe700000)
 ParOldGen       total 95232K, used 27933K [0x00000000c0000000, 0x00000000c5d00000, 0x00000000eab00000)
  object space 95232K, 29% used [0x00000000c0000000,0x00000000c1b476b0,0x00000000c5d00000)
 Metaspace       used 54767K, capacity 56954K, committed 58496K, reserved 1099776K
  class space    used 7091K, capacity 7916K, committed 8320K, reserved 1048576K
Event: 17557.323 GC heap after
Heap after GC invocations=33 (full 9):
 PSYoungGen      total 297984K, used 17568K [0x00000000eab00000, 0x00000000feb00000, 0x0000000100000000)
  eden space 274432K, 0% used [0x00000000eab00000,0x00000000eab00000,0x00000000fb700000)
  from space 23552K, 74% used [0x00000000fd000000,0x00000000fe128020,0x00000000fe700000)
  to   space 25600K, 0% used [0x00000000fb700000,0x00000000fb700000,0x00000000fd000000)
 ParOldGen       total 95232K, used 27941K [0x00000000c0000000, 0x00000000c5d00000, 0x00000000eab00000)
  object space 95232K, 29% used [0x00000000c0000000,0x00000000c1b496b0,0x00000000c5d00000)
 Metaspace       used 54767K, capacity 56954K, committed 58496K, reserved 1099776K
  class space    used 7091K, capacity 7916K, committed 8320K, reserved 1048576K
}
Event: 17557.323 GC heap before
{Heap before GC invocations=34 (full 10):
 PSYoungGen      total 297984K, used 17568K [0x00000000eab00000, 0x00000000feb00000, 0x0000000100000000)
  eden space 274432K, 0% used [0x00000000eab00000,0x00000000eab00000,0x00000000fb700000)
  from space 23552K, 74% used [0x00000000fd000000,0x00000000fe128020,0x00000000fe700000)
  to   space 25600K, 0% used [0x00000000fb700000,0x00000000fb700000,0x00000000fd000000)
 ParOldGen       total 95232K, used 27941K [0x00000000c0000000, 0x00000000c5d00000, 0x00000000eab00000)
  object space 95232K, 29% used [0x00000000c0000000,0x00000000c1b496b0,0x00000000c5d00000)
 Metaspace       used 54767K, capacity 56954K, committed 58496K, reserved 1099776K
  class space    used 7091K, capacity 7916K, committed 8320K, reserved 1048576K
Event: 17557.810 GC heap after
Heap after GC invocations=34 (full 10):
 PSYoungGen      total 297984K, used 0K [0x00000000eab00000, 0x00000000feb00000, 0x0000000100000000)
  eden space 274432K, 0% used [0x00000000eab00000,0x00000000eab00000,0x00000000fb700000)
  from space 23552K, 0% used [0x00000000fd000000,0x00000000fd000000,0x00000000fe700000)
  to   space 25600K, 0% used [0x00000000fb700000,0x00000000fb700000,0x00000000fd000000)
 ParOldGen       total 95232K, used 44167K [0x00000000c0000000, 0x00000000c5d00000, 0x00000000eab00000)
  object space 95232K, 46% used [0x00000000c0000000,0x00000000c2b21d00,0x00000000c5d00000)
 Metaspace       used 54767K, capacity 56954K, committed 58496K, reserved 1099776K
  class space    used 7091K, capacity 7916K, committed 8320K, reserved 1048576K
}
Event: 18548.297 GC heap before
{Heap before GC invocations=35 (full 10):
 PSYoungGen      total 297984K, used 153741K [0x00000000eab00000, 0x00000000feb00000, 0x0000000100000000)
  eden space 274432K, 56% used [0x00000000eab00000,0x00000000f4123478,0x00000000fb700000)
  from space 23552K, 0% used [0x00000000fd000000,0x00000000fd000000,0x00000000fe700000)
  to   space 25600K, 0% used [0x00000000fb700000,0x00000000fb700000,0x00000000fd000000)
 ParOldGen       total 95232K, used 44167K [0x00000000c0000000, 0x00000000c5d00000, 0x00000000eab00000)
  object space 95232K, 46% used [0x00000000c0000000,0x00000000c2b21d00,0x00000000c5d00000)
 Metaspace       used 55072K, capacity 57604K, committed 58752K, reserved 1099776K
  class space    used 7134K, capacity 8033K, committed 8320K, reserved 1048576K
Event: 18548.311 GC heap after
Heap after GC invocations=35 (full 10):
 PSYoungGen      total 300032K, used 2000K [0x00000000eab00000, 0x00000000fea00000, 0x0000000100000000)
  eden space 274432K, 0% used [0x00000000eab00000,0x00000000eab00000,0x00000000fb700000)
  from space 25600K, 7% used [0x00000000fb700000,0x00000000fb8f4010,0x00000000fd000000)
  to   space 25088K, 0% used [0x00000000fd180000,0x00000000fd180000,0x00000000fea00000)
 ParOldGen       total 95232K, used 44175K [0x00000000c0000000, 0x00000000c5d00000, 0x00000000eab00000)
  object space 95232K, 46% used [0x00000000c0000000,0x00000000c2b23d00,0x00000000c5d00000)
 Metaspace       used 55072K, capacity 57604K, committed 58752K, reserved 1099776K
  class space    used 7134K, capacity 8033K, committed 8320K, reserved 1048576K
}
Event: 18548.311 GC heap before
{Heap before GC invocations=36 (full 11):
 PSYoungGen      total 300032K, used 2000K [0x00000000eab00000, 0x00000000fea00000, 0x0000000100000000)
  eden space 274432K, 0% used [0x00000000eab00000,0x00000000eab00000,0x00000000fb700000)
  from space 25600K, 7% used [0x00000000fb700000,0x00000000fb8f4010,0x00000000fd000000)
  to   space 25088K, 0% used [0x00000000fd180000,0x00000000fd180000,0x00000000fea00000)
 ParOldGen       total 95232K, used 44175K [0x00000000c0000000, 0x00000000c5d00000, 0x00000000eab00000)
  object space 95232K, 46% used [0x00000000c0000000,0x00000000c2b23d00,0x00000000c5d00000)
 Metaspace       used 55072K, capacity 57604K, committed 58752K, reserved 1099776K
  class space    used 7134K, capacity 8033K, committed 8320K, reserved 1048576K
Event: 18548.634 GC heap after
Heap after GC invocations=36 (full 11):
 PSYoungGen      total 300032K, used 0K [0x00000000eab00000, 0x00000000fea00000, 0x0000000100000000)
  eden space 274432K, 0% used [0x00000000eab00000,0x00000000eab00000,0x00000000fb700000)
  from space 25600K, 0% used [0x00000000fb700000,0x00000000fb700000,0x00000000fd000000)
  to   space 25088K, 0% used [0x00000000fd180000,0x00000000fd180000,0x00000000fea00000)
 ParOldGen       total 95232K, used 28444K [0x00000000c0000000, 0x00000000c5d00000, 0x00000000eab00000)
  object space 95232K, 29% used [0x00000000c0000000,0x00000000c1bc7248,0x00000000c5d00000)
 Metaspace       used 54308K, capacity 56152K, committed 58752K, reserved 1099776K
  class space    used 6897K, capacity 7534K, committed 8320K, reserved 1048576K
}

